<?xml version="1.0" encoding="UTF-8"?>
<testng-results skipped="0" failed="0" ignored="0" total="1" passed="1">
  <reporter-output>
  </reporter-output>
  <suite name="Default suite" duration-ms="19539" started-at="2019-09-18T11:20:26Z" finished-at="2019-09-18T11:20:46Z">
    <groups>
    </groups>
    <test name="Default test" duration-ms="19539" started-at="2019-09-18T11:20:26Z" finished-at="2019-09-18T11:20:46Z">
      <class name="day2.DragandDrop_demo">
        <test-method status="PASS" signature="f()[pri:0, instance:day2.DragandDrop_demo@4439f31e]" name="f" duration-ms="19507" started-at="2019-09-18T11:20:27Z" finished-at="2019-09-18T11:20:46Z">
          <reporter-output>
          </reporter-output>
        </test-method> <!-- f -->
      </class> <!-- day2.DragandDrop_demo -->
    </test> <!-- Default test -->
  </suite> <!-- Default suite -->
</testng-results>
